2022-07-27 11:34:08 [scrapy] DEBUG: Redirecting (302) to <GET https://www.google.com/search?q=inurl%3A+crunchbase.com%2Forganization+ABEF.DU&gws_rd=ssl> from <GET http://www.google.com/search?q=inurl%3A+crunchbase.com%2Forganization+ABEF.DU>
2022-07-27 11:34:10 [scrapy] DEBUG: Crawled (200) <GET https://www.google.com/search?q=inurl%3A+crunchbase.com%2Forganization+ABEF.DU&gws_rd=ssl> (referer: None)
2022-07-27 11:34:10 [scrapy] DEBUG: Scraped from <200 https://www.google.com/search?q=inurl%3A+crunchbase.com%2Forganization+ABEF.DU&gws_rd=ssl>
{'links': ['https://www.crunchbase.com/organization/crunchbase', 'https://www.crunchbase.com/organization/dupont', 'https://www.crunchbase.com/organization/login-people', 'https://www.crunchbase.com/organization/centre', 'https://www.crunchbase.com/organization/carthagos', 'https://www.crunchbase.com/organization/google']}
2022-07-27 11:34:10 [scrapy] INFO: Closing spider (finished)
2022-07-27 11:34:10 [scrapy] INFO: Dumping Scrapy stats:
{'downloader/request_bytes': 703,
 'downloader/request_count': 2,
 'downloader/request_method_count/GET': 2,
 'downloader/response_bytes': 98181,
 'downloader/response_count': 2,
 'downloader/response_status_count/200': 1,
 'downloader/response_status_count/302': 1,
 'elapsed_time_seconds': 1.605407,
 'finish_reason': 'finished',
 'finish_time': datetime.datetime(2022, 7, 27, 8, 34, 10, 175677),
 'httpcompression/response_bytes': 344363,
 'httpcompression/response_count': 1,
 'item_scraped_count': 1,
 'log_count/DEBUG': 3,
 'log_count/INFO': 8,
 'response_received_count': 1,
 'scheduler/dequeued': 2,
 'scheduler/dequeued/memory': 2,
 'scheduler/enqueued': 2,
 'scheduler/enqueued/memory': 2,
 'start_time': datetime.datetime(2022, 7, 27, 8, 34, 8, 570270)}
2022-07-27 11:34:10 [scrapy] INFO: Spider closed (finished)
