2022-08-04 14:06:30 [scrapy] DEBUG: Redirecting (302) to <GET https://www.google.com/search?q=inurl%3A+crunchbase.com%2Forganization+None&gws_rd=ssl> from <GET http://www.google.com/search?q=inurl%3A+crunchbase.com%2Forganization+None>
2022-08-04 14:06:32 [scrapy] DEBUG: Crawled (200) <GET https://www.google.com/search?q=inurl%3A+crunchbase.com%2Forganization+None&gws_rd=ssl> (referer: None)
2022-08-04 14:06:32 [scrapy] DEBUG: Scraped from <200 https://www.google.com/search?q=inurl%3A+crunchbase.com%2Forganization+None&gws_rd=ssl>
{'links': ['https://www.crunchbase.com/organization/mount-0144', 'https://www.crunchbase.com/organization/crunchbase', 'https://www.crunchbase.com/organization/getir', 'https://www.crunchbase.com/organization/various', 'https://www.crunchbase.com/organization/google', 'https://www.crunchbase.com/organization/concurrent-inc']}
2022-08-04 14:06:32 [scrapy] INFO: Closing spider (finished)
2022-08-04 14:06:32 [scrapy] INFO: Dumping Scrapy stats:
{'downloader/request_bytes': 697,
 'downloader/request_count': 2,
 'downloader/request_method_count/GET': 2,
 'downloader/response_bytes': 100440,
 'downloader/response_count': 2,
 'downloader/response_status_count/200': 1,
 'downloader/response_status_count/302': 1,
 'elapsed_time_seconds': 1.908428,
 'finish_reason': 'finished',
 'finish_time': datetime.datetime(2022, 8, 4, 11, 6, 32, 212225),
 'httpcompression/response_bytes': 381348,
 'httpcompression/response_count': 1,
 'item_scraped_count': 1,
 'log_count/DEBUG': 3,
 'log_count/INFO': 8,
 'response_received_count': 1,
 'scheduler/dequeued': 2,
 'scheduler/dequeued/memory': 2,
 'scheduler/enqueued': 2,
 'scheduler/enqueued/memory': 2,
 'start_time': datetime.datetime(2022, 8, 4, 11, 6, 30, 303797)}
2022-08-04 14:06:32 [scrapy] INFO: Spider closed (finished)
