2022-08-04 14:03:07 [scrapy] DEBUG: Redirecting (302) to <GET https://www.google.com/search?q=inurl%3A+crunchbase.com%2Forganization+turk%20telekom&gws_rd=ssl> from <GET http://www.google.com/search?q=inurl%3A+crunchbase.com%2Forganization+turk%20telekom>
2022-08-04 14:03:08 [scrapy] DEBUG: Crawled (200) <GET https://www.google.com/search?q=inurl%3A+crunchbase.com%2Forganization+turk%20telekom&gws_rd=ssl> (referer: None)
2022-08-04 14:03:08 [scrapy] DEBUG: Scraped from <200 https://www.google.com/search?q=inurl%3A+crunchbase.com%2Forganization+turk%20telekom&gws_rd=ssl>
{'links': ['https://www.crunchbase.com/organization/trk-telekom', 'https://www.crunchbase.com/organization/trk-telekom/company_financials', 'https://www.crunchbase.com/organization/ttnet-m-zik', 'https://www.crunchbase.com/organization/pilott/company_financials', 'https://www.crunchbase.com/organization/ttnet']}
2022-08-04 14:03:08 [scrapy] INFO: Closing spider (finished)
2022-08-04 14:03:08 [scrapy] INFO: Dumping Scrapy stats:
{'downloader/request_bytes': 717,
 'downloader/request_count': 2,
 'downloader/request_method_count/GET': 2,
 'downloader/response_bytes': 91232,
 'downloader/response_count': 2,
 'downloader/response_status_count/200': 1,
 'downloader/response_status_count/302': 1,
 'elapsed_time_seconds': 1.79391,
 'finish_reason': 'finished',
 'finish_time': datetime.datetime(2022, 8, 4, 11, 3, 8, 868450),
 'httpcompression/response_bytes': 313735,
 'httpcompression/response_count': 1,
 'item_scraped_count': 1,
 'log_count/DEBUG': 3,
 'log_count/INFO': 8,
 'response_received_count': 1,
 'scheduler/dequeued': 2,
 'scheduler/dequeued/memory': 2,
 'scheduler/enqueued': 2,
 'scheduler/enqueued/memory': 2,
 'start_time': datetime.datetime(2022, 8, 4, 11, 3, 7, 74540)}
2022-08-04 14:03:08 [scrapy] INFO: Spider closed (finished)
