2022-07-26 18:44:10 [scrapy] DEBUG: Redirecting (302) to <GET https://www.google.com/search?q=inurl%3A+crunchbase.com%2Forganization+ARCLK&gws_rd=ssl> from <GET http://www.google.com/search?q=inurl%3A+crunchbase.com%2Forganization+ARCLK>
2022-07-26 18:44:13 [scrapy] DEBUG: Crawled (200) <GET https://www.google.com/search?q=inurl%3A+crunchbase.com%2Forganization+ARCLK&gws_rd=ssl> (referer: None)
2022-07-26 18:44:13 [scrapy] DEBUG: Scraped from <200 https://www.google.com/search?q=inurl%3A+crunchbase.com%2Forganization+ARCLK&gws_rd=ssl>
{'links': ['https://www.crunchbase.com/organization/ar%C3%A7elik-a-%C5%9E/company_financials', 'https://www.crunchbase.com/organization/arcelik', 'https://www.crunchbase.com/organization/crunchbase', 'https://www.crunchbase.com/organization/getir', 'https://www.crunchbase.com/organization/google', 'https://www.crunchbase.com/organization/ajaib']}
2022-07-26 18:44:13 [scrapy] INFO: Closing spider (finished)
2022-07-26 18:44:13 [scrapy] INFO: Dumping Scrapy stats:
{'downloader/request_bytes': 699,
 'downloader/request_count': 2,
 'downloader/request_method_count/GET': 2,
 'downloader/response_bytes': 100500,
 'downloader/response_count': 2,
 'downloader/response_status_count/200': 1,
 'downloader/response_status_count/302': 1,
 'elapsed_time_seconds': 3.815456,
 'finish_reason': 'finished',
 'finish_time': datetime.datetime(2022, 7, 26, 15, 44, 13, 671607),
 'httpcompression/response_bytes': 363313,
 'httpcompression/response_count': 1,
 'item_scraped_count': 1,
 'log_count/DEBUG': 3,
 'log_count/INFO': 8,
 'response_received_count': 1,
 'scheduler/dequeued': 2,
 'scheduler/dequeued/memory': 2,
 'scheduler/enqueued': 2,
 'scheduler/enqueued/memory': 2,
 'start_time': datetime.datetime(2022, 7, 26, 15, 44, 9, 856151)}
2022-07-26 18:44:13 [scrapy] INFO: Spider closed (finished)
