2022-07-27 11:36:29 [scrapy] DEBUG: Redirecting (302) to <GET https://www.google.com/search?q=inurl%3A+crunchbase.com%2Forganization+TCELL&gws_rd=ssl> from <GET http://www.google.com/search?q=inurl%3A+crunchbase.com%2Forganization+TCELL>
2022-07-27 11:36:30 [scrapy] DEBUG: Crawled (200) <GET https://www.google.com/search?q=inurl%3A+crunchbase.com%2Forganization+TCELL&gws_rd=ssl> (referer: None)
2022-07-27 11:36:31 [scrapy] DEBUG: Scraped from <200 https://www.google.com/search?q=inurl%3A+crunchbase.com%2Forganization+TCELL&gws_rd=ssl>
{'links': ['https://www.crunchbase.com/organization/tcell-io', 'https://www.crunchbase.com/organization/turkcell/company_financials', 'https://www.crunchbase.com/organization/tcell-clinical-services', 'https://www.crunchbase.com/organization/tcell-io/org_similarity_overview', 'https://www.crunchbase.com/organization/turkcell', 'https://www.crunchbase.com/organization/crunchbase', 'https://www.crunchbase.com/organization/immunocore']}
2022-07-27 11:36:31 [scrapy] INFO: Closing spider (finished)
2022-07-27 11:36:31 [scrapy] INFO: Dumping Scrapy stats:
{'downloader/request_bytes': 699,
 'downloader/request_count': 2,
 'downloader/request_method_count/GET': 2,
 'downloader/response_bytes': 82474,
 'downloader/response_count': 2,
 'downloader/response_status_count/200': 1,
 'downloader/response_status_count/302': 1,
 'elapsed_time_seconds': 1.526196,
 'finish_reason': 'finished',
 'finish_time': datetime.datetime(2022, 7, 27, 8, 36, 31, 41664),
 'httpcompression/response_bytes': 305404,
 'httpcompression/response_count': 1,
 'item_scraped_count': 1,
 'log_count/DEBUG': 3,
 'log_count/INFO': 8,
 'response_received_count': 1,
 'scheduler/dequeued': 2,
 'scheduler/dequeued/memory': 2,
 'scheduler/enqueued': 2,
 'scheduler/enqueued/memory': 2,
 'start_time': datetime.datetime(2022, 7, 27, 8, 36, 29, 515468)}
2022-07-27 11:36:31 [scrapy] INFO: Spider closed (finished)
