2022-07-27 11:34:24 [scrapy] DEBUG: Crawled (200) <GET https://www.crunchbase.com/organization/carthagos> (referer: http://crunchbase.com/companies)
2022-07-27 11:34:25 [scrapy] DEBUG: Scraped from <200 https://www.crunchbase.com/organization/carthagos>
{'Company_Name': ' Carthagos ', 'Number of Employees': '1-10', 'IPO Status': 'Private', 'Website': ' carthagos.com ', 'CB Rank (Company)': '184,787', 'Descriptive keyword for an Organization (e.g. SaaS, Android, Cloud Computing, Medical Device)': 'Consulting|Graphic Design|Product Design|Software|UX Design|Web Design|Web Development', 'This is the parent Organization of the sub-organization': '', 'Date the Organization was founded': 'Aug 1, 2016', 'Founders of the organization': ' Leonardo Vieira', 'Operating Status of Organization e.g. Active, Closed': 'Active', 'The legal name of the organization': 'Carthagos, Inc.', 'Whether an Organization is for profit or non-profit': 'For Profit', 'General contact email for the organization': 'hello@carthagos.com', "Organization's general phone number": '+5541992864544', 'Total number of employee profiles an organization has on Crunchbase': '1', 'Total number of organizations similar to the given organization': '9'}
2022-07-27 11:34:25 [scrapy] INFO: Closing spider (finished)
2022-07-27 11:34:25 [scrapy] INFO: Dumping Scrapy stats:
{'downloader/request_bytes': 1472,
 'downloader/request_count': 1,
 'downloader/request_method_count/GET': 1,
 'downloader/response_bytes': 43179,
 'downloader/response_count': 1,
 'downloader/response_status_count/200': 1,
 'elapsed_time_seconds': 0.679872,
 'finish_reason': 'finished',
 'finish_time': datetime.datetime(2022, 7, 27, 8, 34, 25, 14071),
 'httpcompression/response_bytes': 286050,
 'httpcompression/response_count': 1,
 'item_scraped_count': 1,
 'log_count/DEBUG': 2,
 'log_count/INFO': 24,
 'response_received_count': 1,
 'scheduler/dequeued': 1,
 'scheduler/dequeued/memory': 1,
 'scheduler/enqueued': 1,
 'scheduler/enqueued/memory': 1,
 'start_time': datetime.datetime(2022, 7, 27, 8, 34, 24, 334199)}
2022-07-27 11:34:25 [scrapy] INFO: Spider closed (finished)
