2022-07-26 18:44:16 [scrapy] DEBUG: Crawled (200) <GET https://www.crunchbase.com/organization/ar%C3%A7elik-a-%C5%9E/company_financials> (referer: http://crunchbase.com/companies)
2022-07-26 18:44:16 [scrapy] DEBUG: Scraped from <200 https://www.crunchbase.com/organization/ar%C3%A7elik-a-%C5%9E/company_financials>
{'Company_Name': ' Arçelik A.Ş. ', 'Stock ticker symbol e.g. AAPL, FB, TWTR': ' IST:ARCLK ', 'The date when the Organization went public': '', 'Stock ticker symbol (e.g. AAPL, FB, TWTR)': 'IST:ARCLK'}
2022-07-26 18:44:16 [scrapy] INFO: Closing spider (finished)
2022-07-26 18:44:16 [scrapy] INFO: Dumping Scrapy stats:
{'downloader/request_bytes': 1503,
 'downloader/request_count': 1,
 'downloader/request_method_count/GET': 1,
 'downloader/response_bytes': 43232,
 'downloader/response_count': 1,
 'downloader/response_status_count/200': 1,
 'elapsed_time_seconds': 1.092997,
 'finish_reason': 'finished',
 'finish_time': datetime.datetime(2022, 7, 26, 15, 44, 16, 834048),
 'httpcompression/response_bytes': 261186,
 'httpcompression/response_count': 1,
 'item_scraped_count': 1,
 'log_count/DEBUG': 2,
 'log_count/INFO': 12,
 'response_received_count': 1,
 'scheduler/dequeued': 1,
 'scheduler/dequeued/memory': 1,
 'scheduler/enqueued': 1,
 'scheduler/enqueued/memory': 1,
 'start_time': datetime.datetime(2022, 7, 26, 15, 44, 15, 741051)}
2022-07-26 18:44:16 [scrapy] INFO: Spider closed (finished)
