2022-07-21 13:31:18 [scrapy] DEBUG: Crawled (200) <GET https://www.crunchbase.com/robots.txt> (referer: http://crunchbase.com/companies)
2022-07-21 13:31:20 [scrapy] DEBUG: Crawled (404) <GET https://www.crunchbase.com/organization/cerebrum_tech> (referer: http://crunchbase.com/companies)
2022-07-21 13:31:20 [scrapy] INFO: Ignoring response <404 https://www.crunchbase.com/organization/cerebrum_tech>: HTTP status code is not handled or not allowed
2022-07-21 13:31:20 [scrapy] INFO: Closing spider (finished)
2022-07-21 13:31:20 [scrapy] INFO: Dumping Scrapy stats:
{'downloader/request_bytes': 2936,
 'downloader/request_count': 2,
 'downloader/request_method_count/GET': 2,
 'downloader/response_bytes': 19828,
 'downloader/response_count': 2,
 'downloader/response_status_count/200': 1,
 'downloader/response_status_count/404': 1,
 'elapsed_time_seconds': 1.571763,
 'finish_reason': 'finished',
 'finish_time': datetime.datetime(2022, 7, 21, 10, 31, 20, 272612),
 'httpcompression/response_bytes': 102122,
 'httpcompression/response_count': 2,
 'httperror/response_ignored_count': 1,
 'httperror/response_ignored_status_count/404': 1,
 'log_count/DEBUG': 2,
 'log_count/INFO': 9,
 'response_received_count': 2,
 'robotstxt/request_count': 1,
 'robotstxt/response_count': 1,
 'robotstxt/response_status_count/200': 1,
 'scheduler/dequeued': 1,
 'scheduler/dequeued/memory': 1,
 'scheduler/enqueued': 1,
 'scheduler/enqueued/memory': 1,
 'start_time': datetime.datetime(2022, 7, 21, 10, 31, 18, 700849)}
2022-07-21 13:31:20 [scrapy] INFO: Spider closed (finished)
