2022-07-27 11:36:42 [scrapy] DEBUG: Crawled (200) <GET https://www.crunchbase.com/organization/tcell-io/org_similarity_overview> (referer: http://crunchbase.com/companies)
2022-07-27 11:36:42 [scrapy] DEBUG: Scraped from <200 https://www.crunchbase.com/organization/tcell-io/org_similarity_overview>
{'Company_Name': ' tCell '}
2022-07-27 11:36:42 [scrapy] INFO: Closing spider (finished)
2022-07-27 11:36:42 [scrapy] INFO: Dumping Scrapy stats:
{'downloader/request_bytes': 1495,
 'downloader/request_count': 1,
 'downloader/request_method_count/GET': 1,
 'downloader/response_bytes': 45277,
 'downloader/response_count': 1,
 'downloader/response_status_count/200': 1,
 'elapsed_time_seconds': 0.65776,
 'finish_reason': 'finished',
 'finish_time': datetime.datetime(2022, 7, 27, 8, 36, 42, 376468),
 'httpcompression/response_bytes': 273418,
 'httpcompression/response_count': 1,
 'item_scraped_count': 1,
 'log_count/DEBUG': 2,
 'log_count/INFO': 9,
 'response_received_count': 1,
 'scheduler/dequeued': 1,
 'scheduler/dequeued/memory': 1,
 'scheduler/enqueued': 1,
 'scheduler/enqueued/memory': 1,
 'start_time': datetime.datetime(2022, 7, 27, 8, 36, 41, 718708)}
2022-07-27 11:36:42 [scrapy] INFO: Spider closed (finished)
