2022-07-21 13:44:33 [scrapy] DEBUG: Crawled (200) <GET https://www.crunchbase.com/robots.txt> (referer: http://crunchbase.com/companies)
2022-07-21 13:44:34 [scrapy] DEBUG: Crawled (200) <GET https://www.crunchbase.com/organization/turkcell> (referer: http://crunchbase.com/companies)
2022-07-21 13:44:34 [scrapy] DEBUG: Scraped from <200 https://www.crunchbase.com/organization/turkcell>
{'Company_Name': ' Turkcell ', 'Headquarters Location': ' Istanbul  Istanbul  Turkey', 'Number of Employees': '10001+', 'IPO Status': 'Public', 'Website': ' www.turkcell.com.tr ', 'CB Rank (Company)': '140,698', 'Descriptive keyword for an Organization (e.g. SaaS, Android, Cloud Computing, Medical Device)': 'Mobile', 'Date the Organization was founded': 'Feb 1, 1994', 'Founders of the organization': ' Murat Vargi', 'Operating Status of Organization e.g. Active, Closed': 'Active', 'Stock ticker symbol e.g. AAPL, FB, TWTR': ' IST:TCELL ', 'Whether an Organization is for profit or non-profit': 'For Profit', "Organization's general phone number": '+905325320000', 'Stock ticker symbol (e.g. AAPL, FB, TWTR)': 'IST:TCELL', 'Total number of Acquisitions': '2', 'Total number of Crunchbase contacts associated with this organization': '1,475', 'Total number of employee profiles an organization has on Crunchbase': '22', 'Total number of organizations similar to the given organization': '6'}
2022-07-21 13:44:34 [scrapy] INFO: Closing spider (finished)
2022-07-21 13:44:34 [scrapy] INFO: Dumping Scrapy stats:
{'downloader/request_bytes': 2931,
 'downloader/request_count': 2,
 'downloader/request_method_count/GET': 2,
 'downloader/response_bytes': 54169,
 'downloader/response_count': 2,
 'downloader/response_status_count/200': 2,
 'elapsed_time_seconds': 0.984821,
 'finish_reason': 'finished',
 'finish_time': datetime.datetime(2022, 7, 21, 10, 44, 34, 589413),
 'httpcompression/response_bytes': 339428,
 'httpcompression/response_count': 2,
 'item_scraped_count': 1,
 'log_count/DEBUG': 3,
 'log_count/INFO': 26,
 'response_received_count': 2,
 'robotstxt/request_count': 1,
 'robotstxt/response_count': 1,
 'robotstxt/response_status_count/200': 1,
 'scheduler/dequeued': 1,
 'scheduler/dequeued/memory': 1,
 'scheduler/enqueued': 1,
 'scheduler/enqueued/memory': 1,
 'start_time': datetime.datetime(2022, 7, 21, 10, 44, 33, 604592)}
2022-07-21 13:44:34 [scrapy] INFO: Spider closed (finished)
