2022-07-27 11:36:36 [scrapy] DEBUG: Crawled (200) <GET https://www.crunchbase.com/organization/turkcell/company_financials> (referer: http://crunchbase.com/companies)
2022-07-27 11:36:36 [scrapy] DEBUG: Scraped from <200 https://www.crunchbase.com/organization/turkcell/company_financials>
{'Company_Name': ' Turkcell ', 'Stock ticker symbol e.g. AAPL, FB, TWTR': ' IST:TCELL ', 'The date when the Organization went public': '', 'Stock ticker symbol (e.g. AAPL, FB, TWTR)': 'IST:TCELL'}
2022-07-27 11:36:36 [scrapy] INFO: Closing spider (finished)
2022-07-27 11:36:36 [scrapy] INFO: Dumping Scrapy stats:
{'downloader/request_bytes': 1490,
 'downloader/request_count': 1,
 'downloader/request_method_count/GET': 1,
 'downloader/response_bytes': 48693,
 'downloader/response_count': 1,
 'downloader/response_status_count/200': 1,
 'elapsed_time_seconds': 0.713666,
 'finish_reason': 'finished',
 'finish_time': datetime.datetime(2022, 7, 27, 8, 36, 36, 705310),
 'httpcompression/response_bytes': 294415,
 'httpcompression/response_count': 1,
 'item_scraped_count': 1,
 'log_count/DEBUG': 2,
 'log_count/INFO': 12,
 'response_received_count': 1,
 'scheduler/dequeued': 1,
 'scheduler/dequeued/memory': 1,
 'scheduler/enqueued': 1,
 'scheduler/enqueued/memory': 1,
 'start_time': datetime.datetime(2022, 7, 27, 8, 36, 35, 991644)}
2022-07-27 11:36:36 [scrapy] INFO: Spider closed (finished)
