2022-07-27 11:36:51 [scrapy] DEBUG: Crawled (200) <GET https://www.crunchbase.com/organization/immunocore> (referer: http://crunchbase.com/companies)
2022-07-27 11:36:51 [scrapy] DEBUG: Scraped from <200 https://www.crunchbase.com/organization/immunocore>
{'Company_Name': ' Immunocore ', 'Headquarters Location': ' Abingdon  Oxfordshire  United Kingdom', 'Number of Employees': '251-500', 'Last Funding Type': 'Post-IPO Equity', 'IPO Status': 'Public', 'Website': ' immunocore.com ', 'CB Rank (Company)': '616', 'Descriptive keyword for an Organization (e.g. SaaS, Android, Cloud Computing, Medical Device)': 'Biotechnology|Health Care|Medical|Pharmaceutical', 'Date the Organization was founded': '2008', 'Founders of the organization': ' Bent Jakobsen  Nick Cross', 'Operating Status of Organization e.g. Active, Closed': 'Active', 'Last funding round type (e.g. Seed, Series A, Private Equity)': 'Post-IPO Equity', 'The legal name of the organization': 'Immunocore Limited', 'Stock ticker symbol e.g. AAPL, FB, TWTR': ' NASDAQ:IMCR ', 'Whether an Organization is for profit or non-profit': 'For Profit', 'General contact email for the organization': 'info@immunocore.com', "Organization's general phone number": '+4401235438600', 'Stock ticker symbol (e.g. AAPL, FB, TWTR)': 'NASDAQ:IMCR', 'Total amount raised across all funding rounds': '$808.8M', 'Total number of Crunchbase contacts associated with this organization': '171', 'Total number of employee profiles an organization has on Crunchbase': '4', 'Total number of investment firms and individual investors': '13', 'Total number of organizations similar to the given organization': '9'}
2022-07-27 11:36:51 [scrapy] INFO: Closing spider (finished)
2022-07-27 11:36:51 [scrapy] INFO: Dumping Scrapy stats:
{'downloader/request_bytes': 1473,
 'downloader/request_count': 1,
 'downloader/request_method_count/GET': 1,
 'downloader/response_bytes': 58618,
 'downloader/response_count': 1,
 'downloader/response_status_count/200': 1,
 'elapsed_time_seconds': 0.948171,
 'finish_reason': 'finished',
 'finish_time': datetime.datetime(2022, 7, 27, 8, 36, 51, 378834),
 'httpcompression/response_bytes': 383189,
 'httpcompression/response_count': 1,
 'item_scraped_count': 1,
 'log_count/DEBUG': 2,
 'log_count/INFO': 31,
 'response_received_count': 1,
 'scheduler/dequeued': 1,
 'scheduler/dequeued/memory': 1,
 'scheduler/enqueued': 1,
 'scheduler/enqueued/memory': 1,
 'start_time': datetime.datetime(2022, 7, 27, 8, 36, 50, 430663)}
2022-07-27 11:36:51 [scrapy] INFO: Spider closed (finished)
