2022-07-26 18:44:22 [scrapy] DEBUG: Crawled (200) <GET https://www.crunchbase.com/organization/crunchbase> (referer: http://crunchbase.com/companies)
2022-07-26 18:44:22 [scrapy] DEBUG: Scraped from <200 https://www.crunchbase.com/organization/crunchbase>
{'Company_Name': ' Crunchbase ', 'Headquarters Location': ' San Francisco  California  United States', 'Number of Employees': '101-250', 'Last Funding Type': 'Series D', 'IPO Status': 'Private', 'Website': ' www.crunchbase.com/ ', 'CB Rank (Company)': '479', 'Descriptive keyword for an Organization (e.g. SaaS, Android, Cloud Computing, Medical Device)': 'Business Intelligence|Database|Information Services|Lead Generation|Marketing Automation', 'Where the organization is headquartered (e.g. San Francisco Bay Area, Silicon Valley)': ' San Francisco Bay Area  West Coast  Western US', 'Date the Organization was founded': 'Jul 2007', 'Founders of the organization': ' Michael Arrington', 'Operating Status of Organization e.g. Active, Closed': 'Active', 'Last funding round type (e.g. Seed, Series A, Private Equity)': 'Series D', 'Alternate or previous names for the organization': 'CB', 'The legal name of the organization': 'Crunchbase, Inc.', 'Tags are labels assigned to organizations, which identify their belonging to a group with that shared label': ' Pledge 1%\n', 'Whether an Organization is for profit or non-profit': 'For Profit', 'General contact email for the organization': 'info@crunchbase.com', 'Total amount raised across all funding rounds': '$106.5M', 'Total number of Crunchbase contacts associated with this organization': '170', 'Total number of employee profiles an organization has on Crunchbase': '131', 'Total number of investment firms and individual investors': '11', 'Total number of organizations similar to the given organization': '13'}
2022-07-26 18:44:23 [scrapy] INFO: Closing spider (finished)
2022-07-26 18:44:23 [scrapy] INFO: Dumping Scrapy stats:
{'downloader/request_bytes': 1473,
 'downloader/request_count': 1,
 'downloader/request_method_count/GET': 1,
 'downloader/response_bytes': 62759,
 'downloader/response_count': 1,
 'downloader/response_status_count/200': 1,
 'elapsed_time_seconds': 1.077859,
 'finish_reason': 'finished',
 'finish_time': datetime.datetime(2022, 7, 26, 15, 44, 23, 39),
 'httpcompression/response_bytes': 431437,
 'httpcompression/response_count': 1,
 'item_scraped_count': 1,
 'log_count/DEBUG': 2,
 'log_count/INFO': 31,
 'response_received_count': 1,
 'scheduler/dequeued': 1,
 'scheduler/dequeued/memory': 1,
 'scheduler/enqueued': 1,
 'scheduler/enqueued/memory': 1,
 'start_time': datetime.datetime(2022, 7, 26, 15, 44, 21, 922180)}
2022-07-26 18:44:23 [scrapy] INFO: Spider closed (finished)
