2022-07-26 13:32:40 [scrapy] DEBUG: Crawled (200) <GET https://www.crunchbase.com/organization/getir> (referer: http://crunchbase.com/companies)
2022-07-26 13:32:40 [scrapy] DEBUG: Scraped from <200 https://www.crunchbase.com/organization/getir>
{'Company_Name': ' Getir ', 'Headquarters Location': ' Besiktas  Istanbul  Turkey', 'Number of Employees': '5001-10000', 'Last Funding Type': 'Series E', 'IPO Status': 'Private', 'Website': ' getir.com ', 'CB Rank (Company)': '15,363', 'Descriptive keyword for an Organization (e.g. SaaS, Android, Cloud Computing, Medical Device)': 'Delivery Service|E-Commerce|Logistics|Mobile Apps', 'Date the Organization was founded': 'Jul 9, 2015', 'Founders of the organization': ' Arkady Volozh  Mert Salur  Nazım Salur  Serkan Borancılı  Tuncay Tütek', 'Operating Status of Organization e.g. Active, Closed': 'Active', 'Last funding round type (e.g. Seed, Series A, Private Equity)': 'Series E', 'The legal name of the organization': 'Getir Perakende Lojistik A.Ş.', 'Tags are labels assigned to organizations, which identify their belonging to a group with that shared label': ' Unicorn\n', 'Whether an Organization is for profit or non-profit': 'For Profit', 'General contact email for the organization': 'info@getir.com', "Organization's general phone number": '+90 (850) 532 50 50', 'Total number of Acquisitions': '3', 'Total number of Investments made': '1', 'Total amount raised across all funding rounds': '$1.8B', 'Total number of Crunchbase contacts associated with this organization': '223', 'Total number of employee profiles an organization has on Crunchbase': '17', 'Total number of investment firms and individual investors': '15'}
2022-07-26 13:32:40 [scrapy] INFO: Closing spider (finished)
2022-07-26 13:32:40 [scrapy] INFO: Dumping Scrapy stats:
{'downloader/request_bytes': 1468,
 'downloader/request_count': 1,
 'downloader/request_method_count/GET': 1,
 'downloader/response_bytes': 59029,
 'downloader/response_count': 1,
 'downloader/response_status_count/200': 1,
 'elapsed_time_seconds': 0.944995,
 'finish_reason': 'finished',
 'finish_time': datetime.datetime(2022, 7, 26, 10, 32, 40, 406957),
 'httpcompression/response_bytes': 388781,
 'httpcompression/response_count': 1,
 'item_scraped_count': 1,
 'log_count/DEBUG': 2,
 'log_count/INFO': 31,
 'response_received_count': 1,
 'scheduler/dequeued': 1,
 'scheduler/dequeued/memory': 1,
 'scheduler/enqueued': 1,
 'scheduler/enqueued/memory': 1,
 'start_time': datetime.datetime(2022, 7, 26, 10, 32, 39, 461962)}
2022-07-26 13:32:40 [scrapy] INFO: Spider closed (finished)
