2022-08-04 14:06:43 [scrapy] DEBUG: Crawled (200) <GET https://www.crunchbase.com/organization/various> (referer: http://crunchbase.com/companies)
2022-08-04 14:06:43 [scrapy] DEBUG: Scraped from <200 https://www.crunchbase.com/organization/various>
{'Company_Name': ' Various ', 'Name of the organization that made the acquisition': ' FriendFinder Networks ', 'Headquarters Location': ' Boca Raton  Florida  United States', 'Number of Employees': '501-1000', 'IPO Status': 'Private', 'Website': ' various.com ', 'CB Rank (Company)': '145,758', 'Descriptive keyword for an Organization (e.g. SaaS, Android, Cloud Computing, Medical Device)': 'Digital Media|Media and Entertainment|Social Network', 'Where the organization is headquartered (e.g. San Francisco Bay Area, Silicon Valley)': ' Greater Miami Area  East Coast  Southern US', 'Date the Organization was founded': '1996', 'Founders of the organization': ' Aidan Fitzpatrick', 'Operating Status of Organization e.g. Active, Closed': 'Active', 'The legal name of the organization': 'Various, Inc.', 'Whether an Organization is for profit or non-profit': 'For Profit', "Organization's general phone number": '650-847-3100', 'Auto-generated name of transaction (e.g. WhatsApp acquired by Facebook)': ' Various acquired by FriendFinder Networks ', 'Date the Acquisition was announced': 'Dec 11, 2007', 'Price of the acquisition': '$500M', 'Total number of Acquisitions': '1', 'Total number of Investments made': '2', 'Total number of Crunchbase contacts associated with this organization': '8', 'Total number of employee profiles an organization has on Crunchbase': '13', 'Total number of organizations similar to the given organization': '5'}
2022-08-04 14:06:43 [scrapy] INFO: Closing spider (finished)
2022-08-04 14:06:43 [scrapy] INFO: Dumping Scrapy stats:
{'downloader/request_bytes': 1470,
 'downloader/request_count': 1,
 'downloader/request_method_count/GET': 1,
 'downloader/response_bytes': 55365,
 'downloader/response_count': 1,
 'downloader/response_status_count/200': 1,
 'elapsed_time_seconds': 0.879197,
 'finish_reason': 'finished',
 'finish_time': datetime.datetime(2022, 8, 4, 11, 6, 43, 919304),
 'httpcompression/response_bytes': 349477,
 'httpcompression/response_count': 1,
 'item_scraped_count': 1,
 'log_count/DEBUG': 2,
 'log_count/INFO': 32,
 'response_received_count': 1,
 'scheduler/dequeued': 1,
 'scheduler/dequeued/memory': 1,
 'scheduler/enqueued': 1,
 'scheduler/enqueued/memory': 1,
 'start_time': datetime.datetime(2022, 8, 4, 11, 6, 43, 40107)}
2022-08-04 14:06:43 [scrapy] INFO: Spider closed (finished)
