2022-07-26 16:47:06 [scrapy] DEBUG: Crawled (200) <GET https://www.crunchbase.com/organization/arcelik> (referer: http://crunchbase.com/companies)
2022-07-26 16:47:06 [scrapy] DEBUG: Scraped from <200 https://www.crunchbase.com/organization/arcelik>
{'Company_Name': ' Arçelik ', 'Headquarters Location': ' Istanbul  Istanbul  Turkey', 'Number of Employees': '10001+', 'IPO Status': 'Private', 'Website': ' www.arcelikas.com ', 'CB Rank (Company)': '248,544', 'Descriptive keyword for an Organization (e.g. SaaS, Android, Cloud Computing, Medical Device)': 'Advertising|Consumer Electronics|Consumer Goods|Manufacturing|Marketing', 'Date the Organization was founded': '1955', 'Operating Status of Organization e.g. Active, Closed': 'Closed', 'Whether an Organization is for profit or non-profit': 'For Profit', "Organization's general phone number": '+02123143434', 'Total number of employee profiles an organization has on Crunchbase': '5'}
2022-07-26 16:47:06 [scrapy] INFO: Closing spider (finished)
2022-07-26 16:47:06 [scrapy] INFO: Dumping Scrapy stats:
{'downloader/request_bytes': 1470,
 'downloader/request_count': 1,
 'downloader/request_method_count/GET': 1,
 'downloader/response_bytes': 44969,
 'downloader/response_count': 1,
 'downloader/response_status_count/200': 1,
 'elapsed_time_seconds': 1.035773,
 'finish_reason': 'finished',
 'finish_time': datetime.datetime(2022, 7, 26, 13, 47, 6, 614811),
 'httpcompression/response_bytes': 274887,
 'httpcompression/response_count': 1,
 'item_scraped_count': 1,
 'log_count/DEBUG': 2,
 'log_count/INFO': 20,
 'response_received_count': 1,
 'scheduler/dequeued': 1,
 'scheduler/dequeued/memory': 1,
 'scheduler/enqueued': 1,
 'scheduler/enqueued/memory': 1,
 'start_time': datetime.datetime(2022, 7, 26, 13, 47, 5, 579038)}
2022-07-26 16:47:06 [scrapy] INFO: Spider closed (finished)
