2022-07-26 13:32:30 [scrapy] DEBUG: Crawled (200) <GET https://www.crunchbase.com/organization/ttnet-m-zik> (referer: http://crunchbase.com/companies)
2022-07-26 13:32:31 [scrapy] DEBUG: Scraped from <200 https://www.crunchbase.com/organization/ttnet-m-zik>
{'Company_Name': ' Türk Telekom Müzik ', 'IPO Status': 'Private', 'Website': ' www.turktelekommuzik.com/ ', 'CB Rank (Company)': '1,642,526', 'Descriptive keyword for an Organization (e.g. SaaS, Android, Cloud Computing, Medical Device)': 'Music|Video', 'Date the Organization was founded': '2008', 'Operating Status of Organization e.g. Active, Closed': 'Closed', 'Alternate or previous names for the organization': 'TTNET Müzik', 'Whether an Organization is for profit or non-profit': 'For Profit', 'General contact email for the organization': 'reklam@ttnet.com.tr', 'Total number of organizations similar to the given organization': '8'}
2022-07-26 13:32:31 [scrapy] INFO: Closing spider (finished)
2022-07-26 13:32:31 [scrapy] INFO: Dumping Scrapy stats:
{'downloader/request_bytes': 1474,
 'downloader/request_count': 1,
 'downloader/request_method_count/GET': 1,
 'downloader/response_bytes': 39032,
 'downloader/response_count': 1,
 'downloader/response_status_count/200': 1,
 'elapsed_time_seconds': 1.063966,
 'finish_reason': 'finished',
 'finish_time': datetime.datetime(2022, 7, 26, 10, 32, 31, 7950),
 'httpcompression/response_bytes': 239143,
 'httpcompression/response_count': 1,
 'item_scraped_count': 1,
 'log_count/DEBUG': 2,
 'log_count/INFO': 19,
 'response_received_count': 1,
 'scheduler/dequeued': 1,
 'scheduler/dequeued/memory': 1,
 'scheduler/enqueued': 1,
 'scheduler/enqueued/memory': 1,
 'start_time': datetime.datetime(2022, 7, 26, 10, 32, 29, 943984)}
2022-07-26 13:32:31 [scrapy] INFO: Spider closed (finished)
