2022-07-21 16:16:23 [scrapy] DEBUG: Crawled (200) <GET https://www.crunchbase.com/robots.txt> (referer: http://crunchbase.com/companies)
2022-07-21 16:16:23 [scrapy] DEBUG: Crawled (200) <GET https://www.crunchbase.com/organization/trk-telekom> (referer: http://crunchbase.com/companies)
2022-07-21 16:16:24 [scrapy] DEBUG: Scraped from <200 https://www.crunchbase.com/organization/trk-telekom>
{'Company_Name': ' Türk Telekom ', 'Name of the organization that made the acquisition': ' Invitel Holdings ', 'Headquarters Location': ' Ankara  Ankara  Turkey', 'Number of Employees': '10001+', 'IPO Status': 'Private', 'Website': ' www.turktelekom.com.tr ', 'CB Rank (Company)': '142,760', 'Descriptive keyword for an Organization (e.g. SaaS, Android, Cloud Computing, Medical Device)': 'Digital Media|Information Services|Information Technology|Public Relations|Telecommunications', 'Date the Organization was founded': '1839', 'Founders of the organization': ' Caner Çelikel', 'Operating Status of Organization e.g. Active, Closed': 'Active', 'Whether an Organization is for profit or non-profit': 'For Profit', 'General contact email for the organization': 'iletisim@turktelekom.com.tr', "Organization's general phone number": '903124441444', 'Auto-generated name of transaction (e.g. WhatsApp acquired by Facebook)': ' Türk Telekom acquired by Invitel Holdings ', 'Date the Acquisition was announced': 'Oct 19, 2010', 'Price of the acquisition': '€197M', 'Total number of Investments made': '3', 'Total number of Crunchbase contacts associated with this organization': '1,135', 'Total number of employee profiles an organization has on Crunchbase': '9', 'Total number of organizations similar to the given organization': '14'}
2022-07-21 16:16:24 [scrapy] INFO: Closing spider (finished)
2022-07-21 16:16:24 [scrapy] INFO: Dumping Scrapy stats:
{'downloader/request_bytes': 2934,
 'downloader/request_count': 2,
 'downloader/request_method_count/GET': 2,
 'downloader/response_bytes': 60941,
 'downloader/response_count': 2,
 'downloader/response_status_count/200': 2,
 'elapsed_time_seconds': 1.901582,
 'finish_reason': 'finished',
 'finish_time': datetime.datetime(2022, 7, 21, 13, 16, 24, 63981),
 'httpcompression/response_bytes': 403405,
 'httpcompression/response_count': 2,
 'item_scraped_count': 1,
 'log_count/DEBUG': 3,
 'log_count/INFO': 30,
 'response_received_count': 2,
 'robotstxt/request_count': 1,
 'robotstxt/response_count': 1,
 'robotstxt/response_status_count/200': 1,
 'scheduler/dequeued': 1,
 'scheduler/dequeued/memory': 1,
 'scheduler/enqueued': 1,
 'scheduler/enqueued/memory': 1,
 'start_time': datetime.datetime(2022, 7, 21, 13, 16, 22, 162399)}
2022-07-21 16:16:24 [scrapy] INFO: Spider closed (finished)
