2022-07-26 13:32:37 [scrapy] DEBUG: Crawled (200) <GET https://www.crunchbase.com/organization/deutsche-telekom> (referer: http://crunchbase.com/companies)
2022-07-26 13:32:37 [scrapy] DEBUG: Scraped from <200 https://www.crunchbase.com/organization/deutsche-telekom>
{'Company_Name': ' T-mobile Deutsche Telekom ', 'Headquarters Location': ' Bonn  Nordrhein-Westfalen  Germany', 'Number of Employees': '10001+', 'Last Funding Type': 'Post-IPO Equity', 'IPO Status': 'Public', 'Website': ' www.telekom.com ', 'CB Rank (Company)': '110,202', 'Descriptive keyword for an Organization (e.g. SaaS, Android, Cloud Computing, Medical Device)': 'Enterprise Software|Infrastructure|Internet|Mobile|Retail|Telecommunications', 'Where the organization is headquartered (e.g. San Francisco Bay Area, Silicon Valley)': ' European Union (EU)', 'Date the Organization was founded': 'Jan 2, 1995', 'Founders of the organization': ' Nick Pavlidis', 'Operating Status of Organization e.g. Active, Closed': 'Active', 'Last funding round type (e.g. Seed, Series A, Private Equity)': 'Post-IPO Equity', 'The legal name of the organization': 'Deutsche Telekom AG', 'Stock ticker symbol e.g. AAPL, FB, TWTR': ' ETR:DTE ', 'Whether an Organization is for profit or non-profit': 'For Profit', 'Total number of Exits': '8', 'General contact email for the organization': 'elmergorostieta@icloud.com', "Organization's general phone number": '+1 (859) 443-6492', 'Stock ticker symbol (e.g. AAPL, FB, TWTR)': 'XETR:DTE', 'Total number of Acquisitions': '7', 'Total number of Investments made': '20', 'Total amount raised across all funding rounds': '€2.7B', 'Total number of Crunchbase contacts associated with this organization': '121'}
2022-07-26 13:32:37 [scrapy] INFO: Closing spider (finished)
2022-07-26 13:32:37 [scrapy] INFO: Dumping Scrapy stats:
{'downloader/request_bytes': 1479,
 'downloader/request_count': 1,
 'downloader/request_method_count/GET': 1,
 'downloader/response_bytes': 101148,
 'downloader/response_count': 1,
 'downloader/response_status_count/200': 1,
 'elapsed_time_seconds': 1.240949,
 'finish_reason': 'finished',
 'finish_time': datetime.datetime(2022, 7, 26, 10, 32, 37, 353927),
 'httpcompression/response_bytes': 855041,
 'httpcompression/response_count': 1,
 'item_scraped_count': 1,
 'log_count/DEBUG': 2,
 'log_count/INFO': 33,
 'response_received_count': 1,
 'scheduler/dequeued': 1,
 'scheduler/dequeued/memory': 1,
 'scheduler/enqueued': 1,
 'scheduler/enqueued/memory': 1,
 'start_time': datetime.datetime(2022, 7, 26, 10, 32, 36, 112978)}
2022-07-26 13:32:37 [scrapy] INFO: Spider closed (finished)
