2022-07-27 11:36:33 [scrapy] DEBUG: Crawled (200) <GET https://www.crunchbase.com/organization/tcell-io> (referer: http://crunchbase.com/companies)
2022-07-27 11:36:33 [scrapy] DEBUG: Scraped from <200 https://www.crunchbase.com/organization/tcell-io>
{'Company_Name': ' tCell ', 'Name of the organization that made the acquisition': ' Rapid7 ', 'Headquarters Location': ' San Francisco  California  United States', 'Number of Employees': '11-50', 'Last Funding Type': 'Series A', 'IPO Status': 'Private', 'Website': ' www.tcell.io/ ', 'CB Rank (Company)': '76,364', 'Descriptive keyword for an Organization (e.g. SaaS, Android, Cloud Computing, Medical Device)': 'Computer|Cyber Security|Network Security', 'Where the organization is headquartered (e.g. San Francisco Bay Area, Silicon Valley)': ' San Francisco Bay Area  West Coast  Western US', 'Date the Organization was founded': '2014', 'Founders of the organization': ' Boris Chen  Michael Feiertag', 'Operating Status of Organization e.g. Active, Closed': 'Active', 'Last funding round type (e.g. Seed, Series A, Private Equity)': 'Series A', 'The legal name of the organization': 'tCell.io, Inc.', 'Whether an Organization is for profit or non-profit': 'For Profit', 'General contact email for the organization': 'support@tcell.io', "Organization's general phone number": '415 326 4316', 'Auto-generated name of transaction (e.g. WhatsApp acquired by Facebook)': ' tCell acquired by Rapid7 ', 'Date the Acquisition was announced': 'Oct 15, 2018', 'Total amount raised across all funding rounds': '$9.4M', 'Total number of investment firms and individual investors': '7', 'Total number of organizations similar to the given organization': '7'}
2022-07-27 11:36:33 [scrapy] INFO: Closing spider (finished)
2022-07-27 11:36:33 [scrapy] INFO: Dumping Scrapy stats:
{'downloader/request_bytes': 1471,
 'downloader/request_count': 1,
 'downloader/request_method_count/GET': 1,
 'downloader/response_bytes': 53505,
 'downloader/response_count': 1,
 'downloader/response_status_count/200': 1,
 'elapsed_time_seconds': 0.750837,
 'finish_reason': 'finished',
 'finish_time': datetime.datetime(2022, 7, 27, 8, 36, 33, 912587),
 'httpcompression/response_bytes': 351742,
 'httpcompression/response_count': 1,
 'item_scraped_count': 1,
 'log_count/DEBUG': 2,
 'log_count/INFO': 32,
 'response_received_count': 1,
 'scheduler/dequeued': 1,
 'scheduler/dequeued/memory': 1,
 'scheduler/enqueued': 1,
 'scheduler/enqueued/memory': 1,
 'start_time': datetime.datetime(2022, 7, 27, 8, 36, 33, 161750)}
2022-07-27 11:36:33 [scrapy] INFO: Spider closed (finished)
