2022-08-04 11:51:13 [scrapy] ERROR: Error while obtaining start requests
Traceback (most recent call last):
  File "d:\windows\projects\investmentscrapper\invest\lib\site-packages\scrapy\core\engine.py", line 150, in _next_request
    request = next(self.slot.start_requests)
  File "D:\Windows\Projects\InvestmentScrapper\invest_scrap\invest_scrap\middlewares.py", line 52, in process_start_requests
    for r in start_requests:
  File "D:\Windows\Projects\InvestmentScrapper\invest_scrap\invest_scrap\spiders\CrunchbaseSpider.py", line 67, in start_requests
    yield scrapy.Request(url=url, callback=self.parse)
  File "d:\windows\projects\investmentscrapper\invest\lib\site-packages\scrapy\http\request\__init__.py", line 60, in __init__
    self._set_url(url)
  File "d:\windows\projects\investmentscrapper\invest\lib\site-packages\scrapy\http\request\__init__.py", line 108, in _set_url
    raise ValueError(f'Missing scheme in request url: {self._url}')
ValueError: Missing scheme in request url: THYAO
2022-08-04 11:51:13 [scrapy] INFO: Closing spider (finished)
2022-08-04 11:51:13 [scrapy] INFO: Dumping Scrapy stats:
{'elapsed_time_seconds': 0.001,
 'finish_reason': 'finished',
 'finish_time': datetime.datetime(2022, 8, 4, 8, 51, 13, 438631),
 'log_count/ERROR': 1,
 'log_count/INFO': 8,
 'start_time': datetime.datetime(2022, 8, 4, 8, 51, 13, 437631)}
2022-08-04 11:51:13 [scrapy] INFO: Spider closed (finished)
