2022-07-27 11:34:30 [scrapy] DEBUG: Redirecting (302) to <GET https://www.google.com/search?q=inurl%3A+www.google.com/finance+ABEF.DU&gws_rd=ssl> from <GET http://www.google.com/search?q=inurl%3A+www.google.com/finance+ABEF.DU>
2022-07-27 11:34:32 [scrapy] DEBUG: Crawled (200) <GET https://www.google.com/search?q=inurl%3A+www.google.com/finance+ABEF.DU&gws_rd=ssl> (referer: None)
2022-07-27 11:34:32 [scrapy] DEBUG: Scraped from <200 https://www.google.com/search?q=inurl%3A+www.google.com/finance+ABEF.DU&gws_rd=ssl>
{'links': []}
2022-07-27 11:34:32 [scrapy] INFO: Closing spider (finished)
2022-07-27 11:34:32 [scrapy] INFO: Dumping Scrapy stats:
{'downloader/request_bytes': 689,
 'downloader/request_count': 2,
 'downloader/request_method_count/GET': 2,
 'downloader/response_bytes': 75031,
 'downloader/response_count': 2,
 'downloader/response_status_count/200': 1,
 'downloader/response_status_count/302': 1,
 'elapsed_time_seconds': 2.491444,
 'finish_reason': 'finished',
 'finish_time': datetime.datetime(2022, 7, 27, 8, 34, 32, 806636),
 'httpcompression/response_bytes': 256414,
 'httpcompression/response_count': 1,
 'item_scraped_count': 1,
 'log_count/DEBUG': 3,
 'log_count/INFO': 8,
 'response_received_count': 1,
 'scheduler/dequeued': 2,
 'scheduler/dequeued/memory': 2,
 'scheduler/enqueued': 2,
 'scheduler/enqueued/memory': 2,
 'start_time': datetime.datetime(2022, 7, 27, 8, 34, 30, 315192)}
2022-07-27 11:34:32 [scrapy] INFO: Spider closed (finished)
