2022-07-26 16:41:31 [scrapy] DEBUG: Redirecting (302) to <GET https://www.google.com/search?q=inurl%3A+www.google.com/finance+YATAS.IS&gws_rd=ssl> from <GET http://www.google.com/search?q=inurl%3A+www.google.com/finance+YATAS.IS>
2022-07-26 16:41:32 [scrapy] DEBUG: Crawled (200) <GET https://www.google.com/search?q=inurl%3A+www.google.com/finance+YATAS.IS&gws_rd=ssl> (referer: None)
2022-07-26 16:41:33 [scrapy] DEBUG: Scraped from <200 https://www.google.com/search?q=inurl%3A+www.google.com/finance+YATAS.IS&gws_rd=ssl>
{'links': ['https://www.google.com/finance/quote/YATAS:IST?hl=tr']}
2022-07-26 16:41:33 [scrapy] INFO: Closing spider (finished)
2022-07-26 16:41:33 [scrapy] INFO: Dumping Scrapy stats:
{'downloader/request_bytes': 691,
 'downloader/request_count': 2,
 'downloader/request_method_count/GET': 2,
 'downloader/response_bytes': 81507,
 'downloader/response_count': 2,
 'downloader/response_status_count/200': 1,
 'downloader/response_status_count/302': 1,
 'elapsed_time_seconds': 1.489947,
 'finish_reason': 'finished',
 'finish_time': datetime.datetime(2022, 7, 26, 13, 41, 33, 29931),
 'httpcompression/response_bytes': 276544,
 'httpcompression/response_count': 1,
 'item_scraped_count': 1,
 'log_count/DEBUG': 3,
 'log_count/INFO': 8,
 'response_received_count': 1,
 'scheduler/dequeued': 2,
 'scheduler/dequeued/memory': 2,
 'scheduler/enqueued': 2,
 'scheduler/enqueued/memory': 2,
 'start_time': datetime.datetime(2022, 7, 26, 13, 41, 31, 539984)}
2022-07-26 16:41:33 [scrapy] INFO: Spider closed (finished)
