2022-07-27 11:36:53 [scrapy] DEBUG: Redirecting (302) to <GET https://www.google.com/search?q=inurl%3A+www.google.com/finance+TCELL&gws_rd=ssl> from <GET http://www.google.com/search?q=inurl%3A+www.google.com/finance+TCELL>
2022-07-27 11:36:54 [scrapy] DEBUG: Crawled (200) <GET https://www.google.com/search?q=inurl%3A+www.google.com/finance+TCELL&gws_rd=ssl> (referer: None)
2022-07-27 11:36:54 [scrapy] DEBUG: Scraped from <200 https://www.google.com/search?q=inurl%3A+www.google.com/finance+TCELL&gws_rd=ssl>
{'links': ['https://www.google.com/finance/quote/TCELL:IST?hl=tr']}
2022-07-27 11:36:54 [scrapy] INFO: Closing spider (finished)
2022-07-27 11:36:54 [scrapy] INFO: Dumping Scrapy stats:
{'downloader/request_bytes': 685,
 'downloader/request_count': 2,
 'downloader/request_method_count/GET': 2,
 'downloader/response_bytes': 76654,
 'downloader/response_count': 2,
 'downloader/response_status_count/200': 1,
 'downloader/response_status_count/302': 1,
 'elapsed_time_seconds': 1.455956,
 'finish_reason': 'finished',
 'finish_time': datetime.datetime(2022, 7, 27, 8, 36, 54, 912968),
 'httpcompression/response_bytes': 262642,
 'httpcompression/response_count': 1,
 'item_scraped_count': 1,
 'log_count/DEBUG': 3,
 'log_count/INFO': 8,
 'response_received_count': 1,
 'scheduler/dequeued': 2,
 'scheduler/dequeued/memory': 2,
 'scheduler/enqueued': 2,
 'scheduler/enqueued/memory': 2,
 'start_time': datetime.datetime(2022, 7, 27, 8, 36, 53, 457012)}
2022-07-27 11:36:54 [scrapy] INFO: Spider closed (finished)
