2022-07-26 16:47:28 [scrapy] DEBUG: Crawled (200) <GET https://www.google.com/finance/quote/MGROS:IST> (referer: None)
2022-07-26 16:47:28 [scrapy] DEBUG: Scraped from <200 https://www.google.com/finance/quote/MGROS:IST>
{'price': '₺53.60'}
2022-07-26 16:47:28 [scrapy] INFO: Closing spider (finished)
2022-07-26 16:47:28 [scrapy] INFO: Dumping Scrapy stats:
{'downloader/request_bytes': 314,
 'downloader/request_count': 1,
 'downloader/request_method_count/GET': 1,
 'downloader/response_bytes': 223276,
 'downloader/response_count': 1,
 'downloader/response_status_count/200': 1,
 'elapsed_time_seconds': 0.704149,
 'finish_reason': 'finished',
 'finish_time': datetime.datetime(2022, 7, 26, 13, 47, 28, 795229),
 'httpcompression/response_bytes': 1130706,
 'httpcompression/response_count': 1,
 'item_scraped_count': 1,
 'log_count/DEBUG': 2,
 'log_count/INFO': 8,
 'response_received_count': 1,
 'scheduler/dequeued': 1,
 'scheduler/dequeued/memory': 1,
 'scheduler/enqueued': 1,
 'scheduler/enqueued/memory': 1,
 'start_time': datetime.datetime(2022, 7, 26, 13, 47, 28, 91080)}
2022-07-26 16:47:28 [scrapy] INFO: Spider closed (finished)
