2022-07-27 11:36:57 [scrapy] DEBUG: Crawled (200) <GET https://www.google.com/finance/quote/TCELL:IST?hl=tr> (referer: None)
2022-07-27 11:36:57 [scrapy] DEBUG: Scraped from <200 https://www.google.com/finance/quote/TCELL:IST?hl=tr>
{'price': '₺17,09'}
2022-07-27 11:36:57 [scrapy] INFO: Closing spider (finished)
2022-07-27 11:36:57 [scrapy] INFO: Dumping Scrapy stats:
{'downloader/request_bytes': 320,
 'downloader/request_count': 1,
 'downloader/request_method_count/GET': 1,
 'downloader/response_bytes': 219546,
 'downloader/response_count': 1,
 'downloader/response_status_count/200': 1,
 'elapsed_time_seconds': 0.794567,
 'finish_reason': 'finished',
 'finish_time': datetime.datetime(2022, 7, 27, 8, 36, 57, 785625),
 'httpcompression/response_bytes': 1092613,
 'httpcompression/response_count': 1,
 'item_scraped_count': 1,
 'log_count/DEBUG': 2,
 'log_count/INFO': 8,
 'response_received_count': 1,
 'scheduler/dequeued': 1,
 'scheduler/dequeued/memory': 1,
 'scheduler/enqueued': 1,
 'scheduler/enqueued/memory': 1,
 'start_time': datetime.datetime(2022, 7, 27, 8, 36, 56, 991058)}
2022-07-27 11:36:57 [scrapy] INFO: Spider closed (finished)
