2022-08-04 14:07:17 [scrapy] DEBUG: Crawled (200) <GET https://www.google.com/finance/quote/YATAS:IST?hl=tr> (referer: None)
2022-08-04 14:07:18 [scrapy] DEBUG: Scraped from <200 https://www.google.com/finance/quote/YATAS:IST?hl=tr>
{'price': '₺15,27'}
2022-08-04 14:07:18 [scrapy] INFO: Closing spider (finished)
2022-08-04 14:07:18 [scrapy] INFO: Dumping Scrapy stats:
{'downloader/request_bytes': 320,
 'downloader/request_count': 1,
 'downloader/request_method_count/GET': 1,
 'downloader/response_bytes': 218063,
 'downloader/response_count': 1,
 'downloader/response_status_count/200': 1,
 'elapsed_time_seconds': 0.61514,
 'finish_reason': 'finished',
 'finish_time': datetime.datetime(2022, 8, 4, 11, 7, 18, 74170),
 'httpcompression/response_bytes': 1095655,
 'httpcompression/response_count': 1,
 'item_scraped_count': 1,
 'log_count/DEBUG': 2,
 'log_count/INFO': 8,
 'response_received_count': 1,
 'scheduler/dequeued': 1,
 'scheduler/dequeued/memory': 1,
 'scheduler/enqueued': 1,
 'scheduler/enqueued/memory': 1,
 'start_time': datetime.datetime(2022, 8, 4, 11, 7, 17, 459030)}
2022-08-04 14:07:18 [scrapy] INFO: Spider closed (finished)
