2022-07-26 16:24:13 [scrapy] DEBUG: Crawled (200) <GET https://www.google.com/finance/quote/YATAS:IST?hl=tr> (referer: None)
2022-07-26 16:24:13 [scrapy] DEBUG: Scraped from <200 https://www.google.com/finance/quote/YATAS:IST?hl=tr>
{'price': '₺14,85'}
2022-07-26 16:24:13 [scrapy] INFO: Closing spider (finished)
2022-07-26 16:24:13 [scrapy] INFO: Dumping Scrapy stats:
{'downloader/request_bytes': 320,
 'downloader/request_count': 1,
 'downloader/request_method_count/GET': 1,
 'downloader/response_bytes': 218020,
 'downloader/response_count': 1,
 'downloader/response_status_count/200': 1,
 'elapsed_time_seconds': 0.761655,
 'finish_reason': 'finished',
 'finish_time': datetime.datetime(2022, 7, 26, 13, 24, 13, 700339),
 'httpcompression/response_bytes': 1095934,
 'httpcompression/response_count': 1,
 'item_scraped_count': 1,
 'log_count/DEBUG': 2,
 'log_count/INFO': 8,
 'response_received_count': 1,
 'scheduler/dequeued': 1,
 'scheduler/dequeued/memory': 1,
 'scheduler/enqueued': 1,
 'scheduler/enqueued/memory': 1,
 'start_time': datetime.datetime(2022, 7, 26, 13, 24, 12, 938684)}
2022-07-26 16:24:13 [scrapy] INFO: Spider closed (finished)
